#
# There is insufficient memory for the Java Runtime Environment to continue.
# Native memory allocation (mmap) failed to map 134217728 bytes for G1 virtual space
# Possible reasons:
#   The system is out of physical RAM or swap space
#   The process is running with CompressedOops enabled, and the Java Heap may be blocking the growth of the native heap
# Possible solutions:
#   Reduce memory load on the system
#   Increase physical memory or swap space
#   Check if swap backing store is full
#   Decrease Java heap size (-Xmx/-Xms)
#   Decrease number of Java threads
#   Decrease Java thread stack sizes (-Xss)
#   Set larger code cache with -XX:ReservedCodeCacheSize=
#   JVM is running with Unscaled Compressed Oops mode in which the Java heap is
#     placed in the first 4GB address space. The Java Heap base address is the
#     maximum limit for the native heap growth. Please use -XX:HeapBaseMinAddress
#     to set the Java Heap base and to place the Java Heap above 4GB virtual address.
# This output file may be truncated or incomplete.
#
#  Out of Memory Error (os_windows.cpp:3769), pid=12180, tid=10040
#
# JRE version:  (17.0.6) (build )
# Java VM: OpenJDK 64-Bit Server VM (17.0.6+0-b2043.56-10027231, mixed mode, sharing, tiered, compressed oops, compressed class ptrs, g1 gc, windows-amd64)
# No core dump will be written. Minidumps are not enabled by default on client versions of Windows
#

---------------  S U M M A R Y ------------

Command Line: org.jetbrains.kotlin.cli.jvm.K2JVMCompiler @C:\Users\Flavio\Documents\Android_Studio\Projetos_Pessoais\Calculadora\app\build\20231022_8236571719848067320.compiler.options

Host: Intel(R) Core(TM) i5-5200U CPU @ 2.20GHz, 4 cores, 7G,  Windows 10 , 64 bit Build 19041 (10.0.19041.3570)
Time: Sun Oct 22 15:32:47 2023 Hora oficial do Brasil elapsed time: 0.056684 seconds (0d 0h 0m 0s)

---------------  T H R E A D  ---------------

Current thread (0x0000021d876a9790):  JavaThread "Unknown thread" [_thread_in_vm, id=10040, stack(0x0000009290a00000,0x0000009290b00000)]

Stack: [0x0000009290a00000,0x0000009290b00000]
Native frames: (J=compiled Java code, j=interpreted, Vv=VM code, C=native code)
V  [jvm.dll+0x683c9a]
V  [jvm.dll+0x8427a4]
V  [jvm.dll+0x843f9e]
V  [jvm.dll+0x844603]
V  [jvm.dll+0x249b75]
V  [jvm.dll+0x680b69]
V  [jvm.dll+0x67505a]
V  [jvm.dll+0x309acb]
V  [jvm.dll+0x310f86]
V  [jvm.dll+0x3608ee]
V  [jvm.dll+0x360b1f]
V  [jvm.dll+0x2dfbf8]
V  [jvm.dll+0x2e0b64]
V  [jvm.dll+0x814091]
V  [jvm.dll+0x36e6a1]
V  [jvm.dll+0x7f35cc]
V  [jvm.dll+0x3f0e8f]
V  [jvm.dll+0x3f29d1]
C  [jli.dll+0x526b]
C  [ucrtbase.dll+0x21bb2]
C  [KERNEL32.DLL+0x17344]
C  [ntdll.dll+0x526b1]


---------------  P R O C E S S  ---------------

Threads class SMR info:
_java_thread_list=0x00007ffe3d1bc058, length=0, elements={
}

Java Threads: ( => current thread )

Other Threads:
  0x0000021d87705140 GCTaskThread "GC Thread#0" [stack: 0x0000009290b00000,0x0000009290c00000] [id=6920]
  0x0000021d87715dc0 ConcurrentGCThread "G1 Main Marker" [stack: 0x0000009290c00000,0x0000009290d00000] [id=2092]
  0x0000021d877167d0 ConcurrentGCThread "G1 Conc#0" [stack: 0x0000009290d00000,0x0000009290e00000] [id=6928]

[error occurred during error reporting (printing all threads), id 0xc0000005, EXCEPTION_ACCESS_VIOLATION (0xc0000005) at pc=0x00007ffe3c970797]

VM state: not at safepoint (not fully initialized)

VM Mutex/Monitor currently owned by a thread:  ([mutex/lock_event])
[0x0000021d876a4ea0] Heap_lock - owner thread: 0x0000021d876a9790

Heap address: 0x0000000081600000, size: 2026 MB, Compressed Oops mode: 32-bit

CDS archive(s) mapped at: [0x0000000000000000-0x0000000000000000-0x0000000000000000), size 0, SharedBaseAddress: 0x0000000800000000, ArchiveRelocationMode: 0.
Narrow klass base: 0x0000000000000000, Narrow klass shift: 0, Narrow klass range: 0x0

GC Precious Log:
<Empty>

Heap:
 garbage-first heap   total 0K, used 0K [0x0000000081600000, 0x0000000100000000)
  region size 1024K, 0 young (0K), 0 survivors (0K)

[error occurred during error reporting (printing heap information), id 0xc0000005, EXCEPTION_ACCESS_VIOLATION (0xc0000005) at pc=0x00007ffe3cd5da89]

GC Heap History (0 events):
No events

Dll operation events (1 events):
Event: 0.024 Loaded shared library C:\Program Files\Android\Android Studio\jbr\bin\java.dll

Deoptimization events (0 events):
No events

Classes unloaded (0 events):
No events

Classes redefined (0 events):
No events

Internal exceptions (0 events):
No events

VM Operations (0 events):
No events

Events (0 events):
No events


Dynamic libraries:
0x00007ff626670000 - 0x00007ff62667a000 	C:\Program Files\Android\Android Studio\jbr\bin\java.exe
0x00007ffe94e70000 - 0x00007ffe95067000 	C:\WINDOWS\SYSTEM32\ntdll.dll
0x00007ffe93340000 - 0x00007ffe933fd000 	C:\WINDOWS\System32\KERNEL32.DLL
0x00007ffe92770000 - 0x00007ffe92a66000 	C:\WINDOWS\System32\KERNELBASE.dll
0x00007ffe82300000 - 0x00007ffe8231b000 	C:\Program Files\Android\Android Studio\jbr\bin\VCRUNTIME140.dll
0x00007ffe80880000 - 0x00007ffe80897000 	C:\Program Files\Android\Android Studio\jbr\bin\jli.dll
0x00007ffe92670000 - 0x00007ffe92770000 	C:\WINDOWS\System32\ucrtbase.dll
0x00007ffe8a8b0000 - 0x00007ffe8ab4a000 	C:\WINDOWS\WinSxS\amd64_microsoft.windows.common-controls_6595b64144ccf1df_6.0.19041.3570_none_60bb2a3971f3e41a\COMCTL32.dll
0x00007ffe949e0000 - 0x00007ffe94a7e000 	C:\WINDOWS\System32\msvcrt.dll
0x00007ffe94d50000 - 0x00007ffe94d7c000 	C:\WINDOWS\System32\GDI32.dll
0x00007ffe92c20000 - 0x00007ffe92c42000 	C:\WINDOWS\System32\win32u.dll
0x00007ffe92550000 - 0x00007ffe9266a000 	C:\WINDOWS\System32\gdi32full.dll
0x00007ffe92d70000 - 0x00007ffe92e0d000 	C:\WINDOWS\System32\msvcp_win.dll
0x00007ffe93e50000 - 0x00007ffe93fee000 	C:\WINDOWS\System32\USER32.dll
0x00007ffe94950000 - 0x00007ffe94980000 	C:\WINDOWS\System32\IMM32.DLL
0x00007ffe82a80000 - 0x00007ffe82a8c000 	C:\Program Files\Android\Android Studio\jbr\bin\vcruntime140_1.dll
0x00007ffe6da10000 - 0x00007ffe6da9d000 	C:\Program Files\Android\Android Studio\jbr\bin\msvcp140.dll
0x00007ffe3c680000 - 0x00007ffe3d2ee000 	C:\Program Files\Android\Android Studio\jbr\bin\server\jvm.dll
0x00007ffe94d80000 - 0x00007ffe94e2e000 	C:\WINDOWS\System32\ADVAPI32.dll
0x00007ffe93630000 - 0x00007ffe936cc000 	C:\WINDOWS\System32\sechost.dll
0x00007ffe938c0000 - 0x00007ffe939e6000 	C:\WINDOWS\System32\RPCRT4.dll
0x00007ffe8d1b0000 - 0x00007ffe8d1b9000 	C:\WINDOWS\SYSTEM32\WSOCK32.dll
0x00007ffe93410000 - 0x00007ffe9347b000 	C:\WINDOWS\System32\WS2_32.dll
0x00007ffe8ac20000 - 0x00007ffe8ac47000 	C:\WINDOWS\SYSTEM32\WINMM.dll
0x00007ffe8d6d0000 - 0x00007ffe8d6da000 	C:\WINDOWS\SYSTEM32\VERSION.dll
0x00007ffe90310000 - 0x00007ffe90322000 	C:\WINDOWS\SYSTEM32\kernel.appcore.dll
0x00007ffe8cc50000 - 0x00007ffe8cc5a000 	C:\Program Files\Android\Android Studio\jbr\bin\jimage.dll
0x00007ffe8c0d0000 - 0x00007ffe8c2b4000 	C:\WINDOWS\SYSTEM32\DBGHELP.DLL
0x00007ffe8bbd0000 - 0x00007ffe8bc04000 	C:\WINDOWS\SYSTEM32\dbgcore.DLL
0x00007ffe92e10000 - 0x00007ffe92e92000 	C:\WINDOWS\System32\bcryptPrimitives.dll
0x00007ffe82280000 - 0x00007ffe822a5000 	C:\Program Files\Android\Android Studio\jbr\bin\java.dll

dbghelp: loaded successfully - version: 4.0.5 - missing functions: none
symbol engine: initialized successfully - sym options: 0x614 - pdb path: .;C:\Program Files\Android\Android Studio\jbr\bin;C:\WINDOWS\SYSTEM32;C:\WINDOWS\WinSxS\amd64_microsoft.windows.common-controls_6595b64144ccf1df_6.0.19041.3570_none_60bb2a3971f3e41a;C:\Program Files\Android\Android Studio\jbr\bin\server

VM Arguments:
java_command: org.jetbrains.kotlin.cli.jvm.K2JVMCompiler @C:\Users\Flavio\Documents\Android_Studio\Projetos_Pessoais\Calculadora\app\build\20231022_8236571719848067320.compiler.options
java_class_path (initial): C:\Users\Flavio\.gradle\caches\modules-2\files-2.1\org.jetbrains.kotlin\kotlin-compiler-embeddable\1.8.0\eb9118d4bcceaa2a94b2ae2a33a4ddba7c9a947f\kotlin-compiler-embeddable-1.8.0.jar;C:\Users\Flavio\.gradle\caches\modules-2\files-2.1\org.jetbrains.kotlin\kotlin-stdlib\1.8.0\1796921c7a3e2e2665a83e6c8d33399336cd39bc\kotlin-stdlib-1.8.0.jar;C:\Users\Flavio\.gradle\caches\modules-2\files-2.1\org.jetbrains.kotlin\kotlin-script-runtime\1.8.0\b2f7e760d283cb339974851c222a4c1d48f2d3d\kotlin-script-runtime-1.8.0.jar;C:\Users\Flavio\.gradle\caches\modules-2\files-2.1\org.jetbrains.kotlin\kotlin-reflect\1.6.10\1cbe9c92c12a94eea200d23c2bbaedaf3daf5132\kotlin-reflect-1.6.10.jar;C:\Users\Flavio\.gradle\caches\modules-2\files-2.1\org.jetbrains.kotlin\kotlin-daemon-embeddable\1.8.0\d255216c551685dc3a7e852b53617f5f01aaaa5c\kotlin-daemon-embeddable-1.8.0.jar;C:\Users\Flavio\.gradle\caches\modules-2\files-2.1\org.jetbrains.intellij.deps\trove4j\1.0.20200330\3afb14d5f9ceb459d724e907a21145e8ff394f02\trove4j-1.0.20200330.jar;C:\Users\Flavio\.gradle\caches\modules-2\files-2.1\net.java.dev.jna\jna\5.6.0\330f2244e9030119ab3030fc3fededc86713d9cc\jna-5.6.0.jar;C:\Users\Flavio\.gradle\caches\modules-2\files-2.1\org.jetbrains.kotlin\kotlin-stdlib-common\1.8.0\f7197e7cc76453ac59f8b0f8d5137cc600becd36\kotlin-stdlib-common-1.8.0.jar;C:\Users\Flavio\.gradle\caches\modules-2\files-2.1\org.jetbrains\annotations\13.0\919f0dfe192fb4e063e7dacadee7f8bb9a2672a9\annotations-13.0.jar
Launcher Type: SUN_STANDARD

[Global flags]
     intx CICompilerCount                          = 3                                         {product} {ergonomic}
     uint ConcGCThreads                            = 1                                         {product} {ergonomic}
     uint G1ConcRefinementThreads                  = 4                                         {product} {ergonomic}
   size_t G1HeapRegionSize                         = 1048576                                   {product} {ergonomic}
    uintx GCDrainStackTargetSize                   = 64                                        {product} {ergonomic}
   size_t InitialHeapSize                          = 134217728                                 {product} {ergonomic}
   size_t MarkStackSize                            = 4194304                                   {product} {ergonomic}
   size_t MaxHeapSize                              = 2124414976                                {product} {ergonomic}
   size_t MinHeapDeltaBytes                        = 1048576                                   {product} {ergonomic}
   size_t MinHeapSize                              = 8388608                                   {product} {ergonomic}
    uintx NonNMethodCodeHeapSize                   = 5832780                                {pd product} {ergonomic}
    uintx NonProfiledCodeHeapSize                  = 122912730                              {pd product} {ergonomic}
    uintx ProfiledCodeHeapSize                     = 122912730                              {pd product} {ergonomic}
    uintx ReservedCodeCacheSize                    = 251658240                              {pd product} {ergonomic}
     bool SegmentedCodeCache                       = true                                      {product} {ergonomic}
   size_t SoftMaxHeapSize                          = 2124414976                             {manageable} {ergonomic}
     bool UseCompressedClassPointers               = true                           {product lp64_product} {ergonomic}
     bool UseCompressedOops                        = true                           {product lp64_product} {ergonomic}
     bool UseG1GC                                  = true                                      {product} {ergonomic}
     bool UseLargePagesIndividualAllocation        = false                                  {pd product} {ergonomic}

Logging:
Log output configuration:
 #0: stdout all=warning uptime,level,tags
 #1: stderr all=off uptime,level,tags

Environment Variables:
PATH=C:\Program Files\Common Files\Oracle\Java\javapath;C:\Program Files (x86)\Intel\iCLS Client\;C:\Program Files\Intel\iCLS Client\;C:\Windows\system32;C:\Windows;C:\Windows\System32\Wbem;C:\Windows\System32\WindowsPowerShell\v1.0\;C:\Program Files (x86)\Intel\Intel(R) Management Engine Components\DAL;C:\Program Files\Intel\Intel(R) Management Engine Components\DAL;C:\Program Files (x86)\Intel\Intel(R) Management Engine Components\IPT;C:\Program Files\Intel\Intel(R) Management Engine Components\IPT;C:\WINDOWS\system32;C:\WINDOWS;C:\WINDOWS\System32\Wbem;C:\WINDOWS\System32\WindowsPowerShell\v1.0\;C:\WINDOWS\System32\OpenSSH\;C:\Program Files\NVIDIA Corporation\NVIDIA NvDLISR;C:\Program Files (x86)\NVIDIA Corporation\PhysX\Common;C:\ProgramData\UNIVALI\Portugol Studio;C:\Program Files\dotnet\;C:\Program Files\nodejs\;C:\Program Files\Git\cmd;C:\Program Files\MySQL\MySQL Shell 8.0\bin\;C:\Users\Flavio\AppData\Local\Programs\Python\Python310\Scripts\;C:\Users\Flavio\AppData\Local\Programs\Python\Python310\;C:\Users\Flavio\AppData\Local\Microsoft\WindowsApps;C:\Users\Flavio\AppData\Local\Programs\Microsoft VS Code\bin;C:\Users\Flavio\AppData\Roaming\npm;C:\apache-maven-3.9.2\bin;C:\Users\Flavio\.dotnet\tools
USERNAME=Flavio
OS=Windows_NT
PROCESSOR_IDENTIFIER=Intel64 Family 6 Model 61 Stepping 4, GenuineIntel
TMP=C:\Users\Flavio\AppData\Local\Temp
TEMP=C:\Users\Flavio\AppData\Local\Temp


JNI global refs:

[error occurred during error reporting (JNI global references), id 0xc0000005, EXCEPTION_ACCESS_VIOLATION (0xc0000005) at pc=0x00007ffe3c737a10]


---------------  S Y S T E M  ---------------

OS:
 Windows 10 , 64 bit Build 19041 (10.0.19041.3570)
OS uptime: 9 days 15:25 hours

CPU: total 4 (initial active 4) (2 cores per cpu, 2 threads per core) family 6 model 61 stepping 4 microcode 0x2d, cx8, cmov, fxsr, ht, mmx, 3dnowpref, sse, sse2, sse3, ssse3, sse4.1, sse4.2, popcnt, lzcnt, tsc, tscinvbit, avx, avx2, aes, erms, clmul, bmi1, bmi2, adx, fma, vzeroupper, clflush

Memory: 4k page, system-wide physical 8102M (491M free)
TotalPageFile size 11852M (AvailPageFile size 129M)
current process WorkingSet (physical memory assigned to process): 10M, peak: 10M
current process commit charge ("private bytes"): 51M, peak: 179M

vm_info: OpenJDK 64-Bit Server VM (17.0.6+0-b2043.56-10027231) for windows-amd64 JRE (17.0.6+0-b2043.56-10027231), built on Apr 28 2023 00:43:19 by "androidbuild" with MS VC++ 16.10 / 16.11 (VS2019)

END.
