#
# There is insufficient memory for the Java Runtime Environment to continue.
# Native memory allocation (malloc) failed to allocate 2006096 bytes for Chunk::new
# Possible reasons:
#   The system is out of physical RAM or swap space
#   The process is running with CompressedOops enabled, and the Java Heap may be blocking the growth of the native heap
# Possible solutions:
#   Reduce memory load on the system
#   Increase physical memory or swap space
#   Check if swap backing store is full
#   Decrease Java heap size (-Xmx/-Xms)
#   Decrease number of Java threads
#   Decrease Java thread stack sizes (-Xss)
#   Set larger code cache with -XX:ReservedCodeCacheSize=
#   JVM is running with Unscaled Compressed Oops mode in which the Java heap is
#     placed in the first 4GB address space. The Java Heap base address is the
#     maximum limit for the native heap growth. Please use -XX:HeapBaseMinAddress
#     to set the Java Heap base and to place the Java Heap above 4GB virtual address.
# This output file may be truncated or incomplete.
#
#  Out of Memory Error (arena.cpp:189), pid=10952, tid=12664
#
# JRE version: OpenJDK Runtime Environment (17.0.6) (build 17.0.6+0-b2043.56-10027231)
# Java VM: OpenJDK 64-Bit Server VM (17.0.6+0-b2043.56-10027231, mixed mode, tiered, compressed oops, compressed class ptrs, g1 gc, windows-amd64)
# No core dump will be written. Minidumps are not enabled by default on client versions of Windows
#

---------------  S U M M A R Y ------------

Command Line: --add-opens=java.base/java.util=ALL-UNNAMED --add-opens=java.base/java.lang=ALL-UNNAMED --add-opens=java.base/java.lang.invoke=ALL-UNNAMED --add-opens=java.prefs/java.util.prefs=ALL-UNNAMED --add-opens=java.base/java.nio.charset=ALL-UNNAMED --add-opens=java.base/java.net=ALL-UNNAMED --add-opens=java.base/java.util.concurrent.atomic=ALL-UNNAMED -Xmx2048m -Dfile.encoding=UTF-8 -Duser.country=BR -Duser.language=pt -Duser.variant org.gradle.launcher.daemon.bootstrap.GradleDaemon 8.0

Host: Intel(R) Core(TM) i5-5200U CPU @ 2.20GHz, 4 cores, 7G,  Windows 10 , 64 bit Build 19041 (10.0.19041.3570)
Time: Sun Oct 22 18:39:43 2023 Hora oficial do Brasil elapsed time: 27.265751 seconds (0d 0h 0m 27s)

---------------  T H R E A D  ---------------

Current thread (0x0000027b670ce240):  JavaThread "C2 CompilerThread0" daemon [_thread_in_native, id=12664, stack(0x000000e4c6e00000,0x000000e4c6f00000)]


Current CompileTask:
C2:  27265 3283       4       jdk.internal.loader.URLClassPath::getResource (74 bytes)

Stack: [0x000000e4c6e00000,0x000000e4c6f00000]
Native frames: (J=compiled Java code, j=interpreted, Vv=VM code, C=native code)
V  [jvm.dll+0x683c9a]
V  [jvm.dll+0x8427a4]
V  [jvm.dll+0x843f9e]
V  [jvm.dll+0x844603]
V  [jvm.dll+0x249b75]
V  [jvm.dll+0xabcac]
V  [jvm.dll+0xac27c]
V  [jvm.dll+0x368802]
V  [jvm.dll+0x332f31]
V  [jvm.dll+0x3323da]
V  [jvm.dll+0x21c201]
V  [jvm.dll+0x21b621]
V  [jvm.dll+0x1a4fdd]
V  [jvm.dll+0x22b098]
V  [jvm.dll+0x229159]
V  [jvm.dll+0x7f81ec]
V  [jvm.dll+0x7f274a]
V  [jvm.dll+0x682ad5]
C  [ucrtbase.dll+0x21bb2]
C  [KERNEL32.DLL+0x17344]
C  [ntdll.dll+0x526b1]


---------------  P R O C E S S  ---------------

Threads class SMR info:
_java_thread_list=0x0000027b68a0fff0, length=39, elements={
0x0000027b4bb59320, 0x0000027b670ad620, 0x0000027b670ae3a0, 0x0000027b6709a4e0,
0x0000027b670cc420, 0x0000027b670ccce0, 0x0000027b670cd5a0, 0x0000027b670ce240,
0x0000027b67c09130, 0x0000027b67c74c10, 0x0000027b67da9010, 0x0000027b67daf910,
0x0000027b6a4fcc40, 0x0000027b68f39c70, 0x0000027b68f39720, 0x0000027b688ce500,
0x0000027b6a2db600, 0x0000027b6944a8d0, 0x0000027b6944ada0, 0x0000027b6944c0e0,
0x0000027b69449590, 0x0000027b69449f30, 0x0000027b6944b270, 0x0000027b6944a400,
0x0000027b6944bc10, 0x0000027b694490c0, 0x0000027b69449a60, 0x0000027b687d9d40,
0x0000027b687df3e0, 0x0000027b687d8530, 0x0000027b687df8b0, 0x0000027b687dba20,
0x0000027b687ddbd0, 0x0000027b687dc3c0, 0x0000027b687dd230, 0x0000027b687db080,
0x0000027b687dbef0, 0x0000027b687d93a0, 0x0000027b696dc330
}

Java Threads: ( => current thread )
  0x0000027b4bb59320 JavaThread "main" [_thread_blocked, id=8252, stack(0x000000e4c6100000,0x000000e4c6200000)]
  0x0000027b670ad620 JavaThread "Reference Handler" daemon [_thread_blocked, id=7152, stack(0x000000e4c6800000,0x000000e4c6900000)]
  0x0000027b670ae3a0 JavaThread "Finalizer" daemon [_thread_blocked, id=8236, stack(0x000000e4c6900000,0x000000e4c6a00000)]
  0x0000027b6709a4e0 JavaThread "Signal Dispatcher" daemon [_thread_blocked, id=3368, stack(0x000000e4c6a00000,0x000000e4c6b00000)]
  0x0000027b670cc420 JavaThread "Attach Listener" daemon [_thread_blocked, id=11976, stack(0x000000e4c6b00000,0x000000e4c6c00000)]
  0x0000027b670ccce0 JavaThread "Service Thread" daemon [_thread_blocked, id=4104, stack(0x000000e4c6c00000,0x000000e4c6d00000)]
  0x0000027b670cd5a0 JavaThread "Monitor Deflation Thread" daemon [_thread_blocked, id=1856, stack(0x000000e4c6d00000,0x000000e4c6e00000)]
=>0x0000027b670ce240 JavaThread "C2 CompilerThread0" daemon [_thread_in_native, id=12664, stack(0x000000e4c6e00000,0x000000e4c6f00000)]
  0x0000027b67c09130 JavaThread "C1 CompilerThread0" daemon [_thread_blocked, id=10348, stack(0x000000e4c6f00000,0x000000e4c7000000)]
  0x0000027b67c74c10 JavaThread "Sweeper thread" daemon [_thread_blocked, id=13492, stack(0x000000e4c7000000,0x000000e4c7100000)]
  0x0000027b67da9010 JavaThread "Common-Cleaner" daemon [_thread_blocked, id=6232, stack(0x000000e4c7100000,0x000000e4c7200000)]
  0x0000027b67daf910 JavaThread "Notification Thread" daemon [_thread_blocked, id=11140, stack(0x000000e4c7200000,0x000000e4c7300000)]
  0x0000027b6a4fcc40 JavaThread "Daemon health stats" [_thread_blocked, id=6720, stack(0x000000e4c7700000,0x000000e4c7800000)]
  0x0000027b68f39c70 JavaThread "Incoming local TCP Connector on port 60479" [_thread_in_native, id=4948, stack(0x000000e4c7800000,0x000000e4c7900000)]
  0x0000027b68f39720 JavaThread "Daemon periodic checks" [_thread_blocked, id=7180, stack(0x000000e4c7900000,0x000000e4c7a00000)]
  0x0000027b688ce500 JavaThread "Daemon" [_thread_blocked, id=8428, stack(0x000000e4c7b00000,0x000000e4c7c00000)]
  0x0000027b6a2db600 JavaThread "Handler for socket connection from /127.0.0.1:60479 to /127.0.0.1:60480" [_thread_in_native, id=13744, stack(0x000000e4c7c00000,0x000000e4c7d00000)]
  0x0000027b6944a8d0 JavaThread "Cancel handler" [_thread_blocked, id=12700, stack(0x000000e4c7d00000,0x000000e4c7e00000)]
  0x0000027b6944ada0 JavaThread "Daemon worker" [_thread_in_native, id=5060, stack(0x000000e4c7e00000,0x000000e4c7f00000)]
  0x0000027b6944c0e0 JavaThread "Asynchronous log dispatcher for DefaultDaemonConnection: socket connection from /127.0.0.1:60479 to /127.0.0.1:60480" [_thread_blocked, id=12900, stack(0x000000e4c7f00000,0x000000e4c8000000)]
  0x0000027b69449590 JavaThread "Stdin handler" [_thread_blocked, id=12820, stack(0x000000e4c8000000,0x000000e4c8100000)]
  0x0000027b69449f30 JavaThread "Daemon client event forwarder" [_thread_blocked, id=7548, stack(0x000000e4c8100000,0x000000e4c8200000)]
  0x0000027b6944b270 JavaThread "Cache worker for journal cache (C:\Users\Flavio\.gradle\caches\journal-1)" [_thread_blocked, id=14248, stack(0x000000e4c7a00000,0x000000e4c7b00000)]
  0x0000027b6944a400 JavaThread "File lock request listener" [_thread_in_native, id=7324, stack(0x000000e4c8200000,0x000000e4c8300000)]
  0x0000027b6944bc10 JavaThread "Cache worker for file hash cache (C:\Users\Flavio\.gradle\caches\8.0\fileHashes)" [_thread_blocked, id=14092, stack(0x000000e4c8300000,0x000000e4c8400000)]
  0x0000027b694490c0 JavaThread "File watcher server" daemon [_thread_in_native, id=14124, stack(0x000000e4c8400000,0x000000e4c8500000)]
  0x0000027b69449a60 JavaThread "File watcher consumer" daemon [_thread_blocked, id=13140, stack(0x000000e4c8500000,0x000000e4c8600000)]
  0x0000027b687d9d40 JavaThread "jar transforms" [_thread_blocked, id=11624, stack(0x000000e4c8700000,0x000000e4c8800000)]
  0x0000027b687df3e0 JavaThread "jar transforms Thread 2" [_thread_blocked, id=14040, stack(0x000000e4c8800000,0x000000e4c8900000)]
  0x0000027b687d8530 JavaThread "jar transforms Thread 3" [_thread_blocked, id=14280, stack(0x000000e4c8900000,0x000000e4c8a00000)]
  0x0000027b687df8b0 JavaThread "jar transforms Thread 4" [_thread_blocked, id=5080, stack(0x000000e4c8a00000,0x000000e4c8b00000)]
  0x0000027b687dba20 JavaThread "File lock release action executor" [_thread_blocked, id=9032, stack(0x000000e4c8b00000,0x000000e4c8c00000)]
  0x0000027b687ddbd0 JavaThread "Cache worker for checksums cache (C:\Users\Flavio\Documents\Android_Studio\Projetos_Pessoais\Calculadora\.gradle\8.0\checksums)" [_thread_blocked, id=13496, stack(0x000000e4c8600000,0x000000e4c8700000)]
  0x0000027b687dc3c0 JavaThread "Cache worker for cache directory md-rule (C:\Users\Flavio\.gradle\caches\8.0\md-rule)" [_thread_blocked, id=9736, stack(0x000000e4c8c00000,0x000000e4c8d00000)]
  0x0000027b687dd230 JavaThread "Cache worker for file content cache (C:\Users\Flavio\.gradle\caches\8.0\fileContent)" [_thread_blocked, id=8832, stack(0x000000e4c8d00000,0x000000e4c8e00000)]
  0x0000027b687db080 JavaThread "Cache worker for file hash cache (C:\Users\Flavio\Documents\Android_Studio\Projetos_Pessoais\Calculadora\.gradle\8.0\fileHashes)" [_thread_blocked, id=3628, stack(0x000000e4c8e00000,0x000000e4c8f00000)]
  0x0000027b687dbef0 JavaThread "Cache worker for cache directory md-supplier (C:\Users\Flavio\.gradle\caches\8.0\md-supplier)" [_thread_blocked, id=12744, stack(0x000000e4c8f00000,0x000000e4c9000000)]
  0x0000027b687d93a0 JavaThread "Cache worker for execution history cache (C:\Users\Flavio\.gradle\caches\8.0\executionHistory)" [_thread_blocked, id=13432, stack(0x000000e4c9000000,0x000000e4c9100000)]
  0x0000027b696dc330 JavaThread "C2 CompilerThread1" daemon [_thread_in_native, id=10856, stack(0x000000e4c9100000,0x000000e4c9200000)]

Other Threads:
  0x0000027b67087a20 VMThread "VM Thread" [stack: 0x000000e4c6700000,0x000000e4c6800000] [id=9732]
  0x0000027b67dafde0 WatcherThread [stack: 0x000000e4c7300000,0x000000e4c7400000] [id=9896]
  0x0000027b4bbb9780 GCTaskThread "GC Thread#0" [stack: 0x000000e4c6200000,0x000000e4c6300000] [id=6696]
  0x0000027b6857d990 GCTaskThread "GC Thread#1" [stack: 0x000000e4c7400000,0x000000e4c7500000] [id=5996]
  0x0000027b6857dc40 GCTaskThread "GC Thread#2" [stack: 0x000000e4c7500000,0x000000e4c7600000] [id=12788]
  0x0000027b687d7f30 GCTaskThread "GC Thread#3" [stack: 0x000000e4c7600000,0x000000e4c7700000] [id=10868]
  0x0000027b4bbcad70 ConcurrentGCThread "G1 Main Marker" [stack: 0x000000e4c6300000,0x000000e4c6400000] [id=7032]
  0x0000027b4bbcb690 ConcurrentGCThread "G1 Conc#0" [stack: 0x000000e4c6400000,0x000000e4c6500000] [id=11120]
  0x0000027b4bc2d3c0 ConcurrentGCThread "G1 Refine#0" [stack: 0x000000e4c6500000,0x000000e4c6600000] [id=8364]
  0x0000027b66ee40b0 ConcurrentGCThread "G1 Service" [stack: 0x000000e4c6600000,0x000000e4c6700000] [id=780]

Threads with active compile tasks:
C2 CompilerThread0    27408 3283       4       jdk.internal.loader.URLClassPath::getResource (74 bytes)
C2 CompilerThread1    27408 3284  s!   4       jdk.internal.loader.URLClassPath::getLoader (194 bytes)

VM state: not at safepoint (normal execution)

VM Mutex/Monitor currently owned by a thread: None

Heap address: 0x0000000080000000, size: 2048 MB, Compressed Oops mode: 32-bit

CDS archive(s) not mapped
Compressed class space mapped at: 0x0000000100000000-0x0000000140000000, reserved size: 1073741824
Narrow klass base: 0x0000000000000000, Narrow klass shift: 3, Narrow klass range: 0x140000000

GC Precious Log:
 CPUs: 4 total, 4 available
 Memory: 8102M
 Large Page Support: Disabled
 NUMA Support: Disabled
 Compressed Oops: Enabled (32-bit)
 Heap Region Size: 1M
 Heap Min Capacity: 8M
 Heap Initial Capacity: 128M
 Heap Max Capacity: 2G
 Pre-touch: Disabled
 Parallel Workers: 4
 Concurrent Workers: 1
 Concurrent Refinement Workers: 4
 Periodic GC: Disabled

Heap:
 garbage-first heap   total 86016K, used 56651K [0x0000000080000000, 0x0000000100000000)
  region size 1024K, 10 young (10240K), 2 survivors (2048K)
 Metaspace       used 37331K, committed 37696K, reserved 1089536K
  class space    used 5129K, committed 5312K, reserved 1048576K

Heap Regions: E=young(eden), S=young(survivor), O=old, HS=humongous(starts), HC=humongous(continues), CS=collection set, F=free, OA=open archive, CA=closed archive, TAMS=top-at-mark-start (previous, next)
|   0|0x0000000080000000, 0x0000000080100000, 0x0000000080100000|100%| O|  |TAMS 0x0000000080100000, 0x0000000080000000| Untracked 
|   1|0x0000000080100000, 0x0000000080200000, 0x0000000080200000|100%| O|  |TAMS 0x0000000080200000, 0x0000000080100000| Untracked 
|   2|0x0000000080200000, 0x0000000080300000, 0x0000000080300000|100%|HS|  |TAMS 0x0000000080300000, 0x0000000080200000| Complete 
|   3|0x0000000080300000, 0x0000000080400000, 0x0000000080400000|100%|HC|  |TAMS 0x0000000080400000, 0x0000000080300000| Complete 
|   4|0x0000000080400000, 0x0000000080500000, 0x0000000080500000|100%|HC|  |TAMS 0x0000000080500000, 0x0000000080400000| Complete 
|   5|0x0000000080500000, 0x0000000080600000, 0x0000000080600000|100%|HC|  |TAMS 0x0000000080600000, 0x0000000080500000| Complete 
|   6|0x0000000080600000, 0x0000000080700000, 0x0000000080700000|100%| O|  |TAMS 0x0000000080700000, 0x0000000080600000| Untracked 
|   7|0x0000000080700000, 0x0000000080800000, 0x0000000080800000|100%| O|  |TAMS 0x0000000080800000, 0x0000000080700000| Untracked 
|   8|0x0000000080800000, 0x0000000080900000, 0x0000000080900000|100%| O|  |TAMS 0x0000000080900000, 0x0000000080800000| Untracked 
|   9|0x0000000080900000, 0x0000000080a00000, 0x0000000080a00000|100%| O|  |TAMS 0x0000000080a00000, 0x0000000080900000| Untracked 
|  10|0x0000000080a00000, 0x0000000080b00000, 0x0000000080b00000|100%| O|  |TAMS 0x0000000080b00000, 0x0000000080a00000| Untracked 
|  11|0x0000000080b00000, 0x0000000080c00000, 0x0000000080c00000|100%| O|  |TAMS 0x0000000080c00000, 0x0000000080b00000| Untracked 
|  12|0x0000000080c00000, 0x0000000080d00000, 0x0000000080d00000|100%| O|  |TAMS 0x0000000080d00000, 0x0000000080c00000| Untracked 
|  13|0x0000000080d00000, 0x0000000080e00000, 0x0000000080e00000|100%| O|  |TAMS 0x0000000080e00000, 0x0000000080d00000| Untracked 
|  14|0x0000000080e00000, 0x0000000080f00000, 0x0000000080f00000|100%| O|  |TAMS 0x0000000080f00000, 0x0000000080e00000| Untracked 
|  15|0x0000000080f00000, 0x0000000081000000, 0x0000000081000000|100%| O|  |TAMS 0x0000000081000000, 0x0000000080f00000| Untracked 
|  16|0x0000000081000000, 0x0000000081100000, 0x0000000081100000|100%| O|  |TAMS 0x0000000081100000, 0x0000000081000000| Untracked 
|  17|0x0000000081100000, 0x0000000081200000, 0x0000000081200000|100%| O|  |TAMS 0x0000000081200000, 0x0000000081100000| Untracked 
|  18|0x0000000081200000, 0x0000000081300000, 0x0000000081300000|100%| O|  |TAMS 0x0000000081300000, 0x0000000081200000| Untracked 
|  19|0x0000000081300000, 0x0000000081400000, 0x0000000081400000|100%| O|  |TAMS 0x0000000081400000, 0x0000000081300000| Untracked 
|  20|0x0000000081400000, 0x0000000081400000, 0x0000000081500000|  0%| F|  |TAMS 0x0000000081400000, 0x0000000081400000| Untracked 
|  21|0x0000000081500000, 0x0000000081600000, 0x0000000081600000|100%|HS|  |TAMS 0x0000000081600000, 0x0000000081500000| Complete 
|  22|0x0000000081600000, 0x0000000081700000, 0x0000000081700000|100%|HC|  |TAMS 0x0000000081700000, 0x0000000081600000| Complete 
|  23|0x0000000081700000, 0x0000000081800000, 0x0000000081800000|100%|HS|  |TAMS 0x0000000081800000, 0x0000000081700000| Complete 
|  24|0x0000000081800000, 0x0000000081900000, 0x0000000081900000|100%|HC|  |TAMS 0x0000000081900000, 0x0000000081800000| Complete 
|  25|0x0000000081900000, 0x0000000081a00000, 0x0000000081a00000|100%|HC|  |TAMS 0x0000000081a00000, 0x0000000081900000| Complete 
|  26|0x0000000081a00000, 0x0000000081b00000, 0x0000000081b00000|100%|HS|  |TAMS 0x0000000081b00000, 0x0000000081a00000| Complete 
|  27|0x0000000081b00000, 0x0000000081c00000, 0x0000000081c00000|100%|HC|  |TAMS 0x0000000081c00000, 0x0000000081b00000| Complete 
|  28|0x0000000081c00000, 0x0000000081d00000, 0x0000000081d00000|100%|HC|  |TAMS 0x0000000081d00000, 0x0000000081c00000| Complete 
|  29|0x0000000081d00000, 0x0000000081e00000, 0x0000000081e00000|100%|HS|  |TAMS 0x0000000081e00000, 0x0000000081d00000| Complete 
|  30|0x0000000081e00000, 0x0000000081f00000, 0x0000000081f00000|100%|HC|  |TAMS 0x0000000081f00000, 0x0000000081e00000| Complete 
|  31|0x0000000081f00000, 0x0000000082000000, 0x0000000082000000|100%|HC|  |TAMS 0x0000000082000000, 0x0000000081f00000| Complete 
|  32|0x0000000082000000, 0x0000000082100000, 0x0000000082100000|100%|HC|  |TAMS 0x0000000082100000, 0x0000000082000000| Complete 
|  33|0x0000000082100000, 0x0000000082200000, 0x0000000082200000|100%|HC|  |TAMS 0x0000000082200000, 0x0000000082100000| Complete 
|  34|0x0000000082200000, 0x0000000082300000, 0x0000000082300000|100%|HC|  |TAMS 0x0000000082300000, 0x0000000082200000| Complete 
|  35|0x0000000082300000, 0x0000000082400000, 0x0000000082400000|100%|HC|  |TAMS 0x0000000082400000, 0x0000000082300000| Complete 
|  36|0x0000000082400000, 0x0000000082500000, 0x0000000082500000|100%|HC|  |TAMS 0x0000000082500000, 0x0000000082400000| Complete 
|  37|0x0000000082500000, 0x0000000082600000, 0x0000000082600000|100%|HC|  |TAMS 0x0000000082600000, 0x0000000082500000| Complete 
|  38|0x0000000082600000, 0x0000000082700000, 0x0000000082700000|100%|HC|  |TAMS 0x0000000082700000, 0x0000000082600000| Complete 
|  39|0x0000000082700000, 0x0000000082800000, 0x0000000082800000|100%|HC|  |TAMS 0x0000000082800000, 0x0000000082700000| Complete 
|  40|0x0000000082800000, 0x0000000082900000, 0x0000000082900000|100%|HC|  |TAMS 0x0000000082900000, 0x0000000082800000| Complete 
|  41|0x0000000082900000, 0x0000000082a00000, 0x0000000082a00000|100%|HS|  |TAMS 0x0000000082a00000, 0x0000000082900000| Complete 
|  42|0x0000000082a00000, 0x0000000082b00000, 0x0000000082b00000|100%|HC|  |TAMS 0x0000000082b00000, 0x0000000082a00000| Complete 
|  43|0x0000000082b00000, 0x0000000082c00000, 0x0000000082c00000|100%| O|  |TAMS 0x0000000082c00000, 0x0000000082b00000| Untracked 
|  44|0x0000000082c00000, 0x0000000082d00000, 0x0000000082d00000|100%| O|  |TAMS 0x0000000082d00000, 0x0000000082c00000| Untracked 
|  45|0x0000000082d00000, 0x0000000082e00000, 0x0000000082e00000|100%| O|  |TAMS 0x0000000082e00000, 0x0000000082d00000| Untracked 
|  46|0x0000000082e00000, 0x0000000082f00000, 0x0000000082f00000|100%| O|  |TAMS 0x0000000082f00000, 0x0000000082e00000| Untracked 
|  47|0x0000000082f00000, 0x0000000082fd1600, 0x0000000083000000| 81%| O|  |TAMS 0x0000000082fd1600, 0x0000000082f00000| Untracked 
|  48|0x0000000083000000, 0x0000000083000000, 0x0000000083100000|  0%| F|  |TAMS 0x0000000083000000, 0x0000000083000000| Untracked 
|  49|0x0000000083100000, 0x0000000083100000, 0x0000000083200000|  0%| F|  |TAMS 0x0000000083100000, 0x0000000083100000| Untracked 
|  50|0x0000000083200000, 0x0000000083200000, 0x0000000083300000|  0%| F|  |TAMS 0x0000000083200000, 0x0000000083200000| Untracked 
|  51|0x0000000083300000, 0x0000000083300000, 0x0000000083400000|  0%| F|  |TAMS 0x0000000083300000, 0x0000000083300000| Untracked 
|  52|0x0000000083400000, 0x0000000083400000, 0x0000000083500000|  0%| F|  |TAMS 0x0000000083400000, 0x0000000083400000| Untracked 
|  53|0x0000000083500000, 0x0000000083500000, 0x0000000083600000|  0%| F|  |TAMS 0x0000000083500000, 0x0000000083500000| Untracked 
|  54|0x0000000083600000, 0x0000000083600000, 0x0000000083700000|  0%| F|  |TAMS 0x0000000083600000, 0x0000000083600000| Untracked 
|  55|0x0000000083700000, 0x0000000083700000, 0x0000000083800000|  0%| F|  |TAMS 0x0000000083700000, 0x0000000083700000| Untracked 
|  56|0x0000000083800000, 0x0000000083800000, 0x0000000083900000|  0%| F|  |TAMS 0x0000000083800000, 0x0000000083800000| Untracked 
|  57|0x0000000083900000, 0x0000000083900000, 0x0000000083a00000|  0%| F|  |TAMS 0x0000000083900000, 0x0000000083900000| Untracked 
|  58|0x0000000083a00000, 0x0000000083a00000, 0x0000000083b00000|  0%| F|  |TAMS 0x0000000083a00000, 0x0000000083a00000| Untracked 
|  59|0x0000000083b00000, 0x0000000083b00000, 0x0000000083c00000|  0%| F|  |TAMS 0x0000000083b00000, 0x0000000083b00000| Untracked 
|  60|0x0000000083c00000, 0x0000000083c00000, 0x0000000083d00000|  0%| F|  |TAMS 0x0000000083c00000, 0x0000000083c00000| Untracked 
|  61|0x0000000083d00000, 0x0000000083d00000, 0x0000000083e00000|  0%| F|  |TAMS 0x0000000083d00000, 0x0000000083d00000| Untracked 
|  62|0x0000000083e00000, 0x0000000083e00000, 0x0000000083f00000|  0%| F|  |TAMS 0x0000000083e00000, 0x0000000083e00000| Untracked 
|  63|0x0000000083f00000, 0x0000000083f00000, 0x0000000084000000|  0%| F|  |TAMS 0x0000000083f00000, 0x0000000083f00000| Untracked 
|  64|0x0000000084000000, 0x0000000084000000, 0x0000000084100000|  0%| F|  |TAMS 0x0000000084000000, 0x0000000084000000| Untracked 
|  65|0x0000000084100000, 0x0000000084100000, 0x0000000084200000|  0%| F|  |TAMS 0x0000000084100000, 0x0000000084100000| Untracked 
|  66|0x0000000084200000, 0x0000000084200000, 0x0000000084300000|  0%| F|  |TAMS 0x0000000084200000, 0x0000000084200000| Untracked 
|  67|0x0000000084300000, 0x00000000843818e0, 0x0000000084400000| 50%| S|CS|TAMS 0x0000000084300000, 0x0000000084300000| Complete 
|  68|0x0000000084400000, 0x0000000084500000, 0x0000000084500000|100%| S|CS|TAMS 0x0000000084400000, 0x0000000084400000| Complete 
|  69|0x0000000084500000, 0x0000000084500000, 0x0000000084600000|  0%| F|  |TAMS 0x0000000084500000, 0x0000000084500000| Untracked 
|  70|0x0000000084600000, 0x0000000084600000, 0x0000000084700000|  0%| F|  |TAMS 0x0000000084600000, 0x0000000084600000| Untracked 
|  71|0x0000000084700000, 0x0000000084700000, 0x0000000084800000|  0%| F|  |TAMS 0x0000000084700000, 0x0000000084700000| Untracked 
|  72|0x0000000084800000, 0x0000000084800000, 0x0000000084900000|  0%| F|  |TAMS 0x0000000084800000, 0x0000000084800000| Untracked 
|  73|0x0000000084900000, 0x0000000084900000, 0x0000000084a00000|  0%| F|  |TAMS 0x0000000084900000, 0x0000000084900000| Untracked 
|  74|0x0000000084a00000, 0x0000000084a00000, 0x0000000084b00000|  0%| F|  |TAMS 0x0000000084a00000, 0x0000000084a00000| Untracked 
|  78|0x0000000084e00000, 0x0000000084e00000, 0x0000000084f00000|  0%| F|  |TAMS 0x0000000084e00000, 0x0000000084e00000| Untracked 
|  79|0x0000000084f00000, 0x0000000084fb9b50, 0x0000000085000000| 72%| E|  |TAMS 0x0000000084f00000, 0x0000000084f00000| Complete 
|  80|0x0000000085000000, 0x0000000085100000, 0x0000000085100000|100%| E|CS|TAMS 0x0000000085000000, 0x0000000085000000| Complete 
|  81|0x0000000085100000, 0x0000000085200000, 0x0000000085200000|100%| E|CS|TAMS 0x0000000085100000, 0x0000000085100000| Complete 
|  82|0x0000000085200000, 0x0000000085300000, 0x0000000085300000|100%| E|CS|TAMS 0x0000000085200000, 0x0000000085200000| Complete 
|  83|0x0000000085300000, 0x0000000085400000, 0x0000000085400000|100%| E|CS|TAMS 0x0000000085300000, 0x0000000085300000| Complete 
|  84|0x0000000085400000, 0x0000000085500000, 0x0000000085500000|100%| E|CS|TAMS 0x0000000085400000, 0x0000000085400000| Complete 
|  85|0x0000000085500000, 0x0000000085600000, 0x0000000085600000|100%| E|CS|TAMS 0x0000000085500000, 0x0000000085500000| Complete 
| 127|0x0000000087f00000, 0x0000000088000000, 0x0000000088000000|100%| E|CS|TAMS 0x0000000087f00000, 0x0000000087f00000| Complete 

Card table byte_map: [0x0000027b60240000,0x0000027b60640000] _byte_map_base: 0x0000027b5fe40000

Marking Bits (Prev, Next): (CMBitMap*) 0x0000027b4bbb9ce0, (CMBitMap*) 0x0000027b4bbb9ca0
 Prev Bits: [0x0000027b62a40000, 0x0000027b64a40000)
 Next Bits: [0x0000027b60a40000, 0x0000027b62a40000)

Polling page: 0x0000027b4bc30000

Metaspace:

Usage:
  Non-class:     31.45 MB used.
      Class:      5.01 MB used.
       Both:     36.46 MB used.

Virtual space:
  Non-class space:       40.00 MB reserved,      31.62 MB ( 79%) committed,  5 nodes.
      Class space:        1.00 GB reserved,       5.19 MB ( <1%) committed,  1 nodes.
             Both:        1.04 GB reserved,      36.81 MB (  3%) committed. 

Chunk freelists:
   Non-Class:  3.81 MB
       Class:  2.76 MB
        Both:  6.57 MB

MaxMetaspaceSize: unlimited
CompressedClassSpaceSize: 1.00 GB
Initial GC threshold: 21.00 MB
Current GC threshold: 55.00 MB
CDS: off
MetaspaceReclaimPolicy: balanced
 - commit_granule_bytes: 65536.
 - commit_granule_words: 8192.
 - virtual_space_node_default_size: 1048576.
 - enlarge_chunks_in_place: 1.
 - new_chunks_are_fully_committed: 0.
 - uncommit_free_chunks: 1.
 - use_allocation_guard: 0.
 - handle_deallocations: 1.


Internal statistics:

num_allocs_failed_limit: 3.
num_arena_births: 392.
num_arena_deaths: 0.
num_vsnodes_births: 6.
num_vsnodes_deaths: 0.
num_space_committed: 589.
num_space_uncommitted: 0.
num_chunks_returned_to_freelist: 3.
num_chunks_taken_from_freelist: 1546.
num_chunk_merges: 3.
num_chunk_splits: 973.
num_chunks_enlarged: 642.
num_purges: 0.
num_inconsistent_stats: 0.

CodeHeap 'non-profiled nmethods': size=120000Kb used=1888Kb max_used=1888Kb free=118111Kb
 bounds [0x0000027b582f0000, 0x0000027b58560000, 0x0000027b5f820000]
CodeHeap 'profiled nmethods': size=120000Kb used=6907Kb max_used=6907Kb free=113092Kb
 bounds [0x0000027b50820000, 0x0000027b50ee0000, 0x0000027b57d50000]
CodeHeap 'non-nmethods': size=5760Kb used=1235Kb max_used=1271Kb free=4524Kb
 bounds [0x0000027b57d50000, 0x0000027b57fc0000, 0x0000027b582f0000]
 total_blobs=3902 nmethods=3357 adapters=457
 compilation: enabled
              stopped_count=0, restarted_count=0
 full_count=0

Compilation events (20 events):
Event: 27.005 Thread 0x0000027b67c09130 nmethod 3311 0x0000027b50ecb610 code [0x0000027b50ecb8a0, 0x0000027b50ecc548]
Event: 27.006 Thread 0x0000027b67c09130 3312       1       java.lang.module.ModuleDescriptor::opens (5 bytes)
Event: 27.006 Thread 0x0000027b67c09130 nmethod 3312 0x0000027b584c7010 code [0x0000027b584c71a0, 0x0000027b584c7278]
Event: 27.006 Thread 0x0000027b67c09130 3313       1       java.util.ImmutableCollections$SetN::size (5 bytes)
Event: 27.006 Thread 0x0000027b67c09130 nmethod 3313 0x0000027b584c7310 code [0x0000027b584c74a0, 0x0000027b584c7578]
Event: 27.006 Thread 0x0000027b67c09130 3314       1       java.lang.module.ModuleDescriptor::exports (5 bytes)
Event: 27.006 Thread 0x0000027b67c09130 nmethod 3314 0x0000027b584c7610 code [0x0000027b584c77a0, 0x0000027b584c7878]
Event: 27.007 Thread 0x0000027b67c09130 3315       3       java.util.stream.ReferencePipeline::anyMatch (18 bytes)
Event: 27.007 Thread 0x0000027b67c09130 nmethod 3315 0x0000027b50ecc890 code [0x0000027b50ecca40, 0x0000027b50ecccd8]
Event: 27.008 Thread 0x0000027b67c09130 3316       3       java.util.Set::spliterator (6 bytes)
Event: 27.008 Thread 0x0000027b67c09130 nmethod 3316 0x0000027b50ecce10 code [0x0000027b50eccfe0, 0x0000027b50ecd368]
Event: 27.008 Thread 0x0000027b67c09130 3317       3       java.util.Spliterators$IteratorSpliterator::estimateSize (41 bytes)
Event: 27.009 Thread 0x0000027b67c09130 nmethod 3317 0x0000027b50ecd490 code [0x0000027b50ecd660, 0x0000027b50ecd9d8]
Event: 27.010 Thread 0x0000027b67c09130 3319       3       java.util.Spliterators$IteratorSpliterator::<init> (39 bytes)
Event: 27.010 Thread 0x0000027b67c09130 nmethod 3319 0x0000027b50ecdb10 code [0x0000027b50ecdcc0, 0x0000027b50ecdf18]
Event: 27.012 Thread 0x0000027b67c09130 3321       3       java.util.ImmutableCollections$SetN::isEmpty (13 bytes)
Event: 27.012 Thread 0x0000027b67c09130 nmethod 3321 0x0000027b50ece010 code [0x0000027b50ece1a0, 0x0000027b50ece318]
Event: 27.013 Thread 0x0000027b696dc330 3284  s!   4       jdk.internal.loader.URLClassPath::getLoader (194 bytes)
Event: 27.233 Thread 0x0000027b67c09130 3322       3       org.codehaus.groovy.vmplugin.v9.Java9::isOpen (21 bytes)
Event: 27.235 Thread 0x0000027b67c09130 nmethod 3322 0x0000027b50ece390 code [0x0000027b50ece5e0, 0x0000027b50ecef38]

GC Heap History (20 events):
Event: 4.799 GC heap before
{Heap before GC invocations=2 (full 0):
 garbage-first heap   total 131072K, used 32919K [0x0000000080000000, 0x0000000100000000)
  region size 1024K, 24 young (24576K), 3 survivors (3072K)
 Metaspace       used 11205K, committed 11456K, reserved 1064960K
  class space    used 1163K, committed 1280K, reserved 1048576K
}
Event: 4.806 GC heap after
{Heap after GC invocations=3 (full 0):
 garbage-first heap   total 131072K, used 12489K [0x0000000080000000, 0x0000000100000000)
  region size 1024K, 3 young (3072K), 3 survivors (3072K)
 Metaspace       used 11205K, committed 11456K, reserved 1064960K
  class space    used 1163K, committed 1280K, reserved 1048576K
}
Event: 9.863 GC heap before
{Heap before GC invocations=3 (full 0):
 garbage-first heap   total 131072K, used 51401K [0x0000000080000000, 0x0000000100000000)
  region size 1024K, 42 young (43008K), 3 survivors (3072K)
 Metaspace       used 21258K, committed 21504K, reserved 1073152K
  class space    used 2559K, committed 2688K, reserved 1048576K
}
Event: 9.878 GC heap after
{Heap after GC invocations=4 (full 0):
 garbage-first heap   total 131072K, used 18164K [0x0000000080000000, 0x0000000100000000)
  region size 1024K, 8 young (8192K), 8 survivors (8192K)
 Metaspace       used 21258K, committed 21504K, reserved 1073152K
  class space    used 2559K, committed 2688K, reserved 1048576K
}
Event: 16.124 GC heap before
{Heap before GC invocations=5 (full 0):
 garbage-first heap   total 68608K, used 50932K [0x0000000080000000, 0x0000000100000000)
  region size 1024K, 40 young (40960K), 8 survivors (8192K)
 Metaspace       used 26346K, committed 26624K, reserved 1073152K
  class space    used 3451K, committed 3584K, reserved 1048576K
}
Event: 16.136 GC heap after
{Heap after GC invocations=6 (full 0):
 garbage-first heap   total 68608K, used 20248K [0x0000000080000000, 0x0000000100000000)
  region size 1024K, 3 young (3072K), 3 survivors (3072K)
 Metaspace       used 26346K, committed 26624K, reserved 1073152K
  class space    used 3451K, committed 3584K, reserved 1048576K
}
Event: 16.312 GC heap before
{Heap before GC invocations=6 (full 0):
 garbage-first heap   total 68608K, used 21272K [0x0000000080000000, 0x0000000100000000)
  region size 1024K, 4 young (4096K), 3 survivors (3072K)
 Metaspace       used 26467K, committed 26816K, reserved 1073152K
  class space    used 3471K, committed 3648K, reserved 1048576K
}
Event: 16.319 GC heap after
{Heap after GC invocations=7 (full 0):
 garbage-first heap   total 68608K, used 20494K [0x0000000080000000, 0x0000000100000000)
  region size 1024K, 1 young (1024K), 1 survivors (1024K)
 Metaspace       used 26467K, committed 26816K, reserved 1073152K
  class space    used 3471K, committed 3648K, reserved 1048576K
}
Event: 20.030 GC heap before
{Heap before GC invocations=7 (full 0):
 garbage-first heap   total 68608K, used 48142K [0x0000000080000000, 0x0000000100000000)
  region size 1024K, 22 young (22528K), 1 survivors (1024K)
 Metaspace       used 29483K, committed 29824K, reserved 1081344K
  class space    used 3997K, committed 4160K, reserved 1048576K
}
Event: 20.041 GC heap after
{Heap after GC invocations=8 (full 0):
 garbage-first heap   total 68608K, used 31399K [0x0000000080000000, 0x0000000100000000)
  region size 1024K, 4 young (4096K), 4 survivors (4096K)
 Metaspace       used 29483K, committed 29824K, reserved 1081344K
  class space    used 3997K, committed 4160K, reserved 1048576K
}
Event: 20.408 GC heap before
{Heap before GC invocations=8 (full 0):
 garbage-first heap   total 68608K, used 43687K [0x0000000080000000, 0x0000000100000000)
  region size 1024K, 5 young (5120K), 4 survivors (4096K)
 Metaspace       used 29484K, committed 29824K, reserved 1081344K
  class space    used 3997K, committed 4160K, reserved 1048576K
}
Event: 20.412 GC heap after
{Heap after GC invocations=9 (full 0):
 garbage-first heap   total 68608K, used 43980K [0x0000000080000000, 0x0000000100000000)
  region size 1024K, 1 young (1024K), 1 survivors (1024K)
 Metaspace       used 29484K, committed 29824K, reserved 1081344K
  class space    used 3997K, committed 4160K, reserved 1048576K
}
Event: 22.147 GC heap before
{Heap before GC invocations=10 (full 0):
 garbage-first heap   total 80896K, used 56268K [0x0000000080000000, 0x0000000100000000)
  region size 1024K, 12 young (12288K), 1 survivors (1024K)
 Metaspace       used 30924K, committed 31296K, reserved 1081344K
  class space    used 4213K, committed 4416K, reserved 1048576K
}
Event: 22.150 GC heap after
{Heap after GC invocations=11 (full 0):
 garbage-first heap   total 80896K, used 48015K [0x0000000080000000, 0x0000000100000000)
  region size 1024K, 2 young (2048K), 2 survivors (2048K)
 Metaspace       used 30924K, committed 31296K, reserved 1081344K
  class space    used 4213K, committed 4416K, reserved 1048576K
}
Event: 22.237 GC heap before
{Heap before GC invocations=11 (full 0):
 garbage-first heap   total 80896K, used 49039K [0x0000000080000000, 0x0000000100000000)
  region size 1024K, 3 young (3072K), 2 survivors (2048K)
 Metaspace       used 31020K, committed 31360K, reserved 1081344K
  class space    used 4232K, committed 4416K, reserved 1048576K
}
Event: 22.244 GC heap after
{Heap after GC invocations=12 (full 0):
 garbage-first heap   total 80896K, used 48009K [0x0000000080000000, 0x0000000100000000)
  region size 1024K, 1 young (1024K), 1 survivors (1024K)
 Metaspace       used 31020K, committed 31360K, reserved 1081344K
  class space    used 4232K, committed 4416K, reserved 1048576K
}
Event: 23.616 GC heap before
{Heap before GC invocations=12 (full 0):
 garbage-first heap   total 80896K, used 63369K [0x0000000080000000, 0x0000000100000000)
  region size 1024K, 16 young (16384K), 1 survivors (1024K)
 Metaspace       used 33168K, committed 33536K, reserved 1081344K
  class space    used 4571K, committed 4736K, reserved 1048576K
}
Event: 23.619 GC heap after
{Heap after GC invocations=13 (full 0):
 garbage-first heap   total 80896K, used 48802K [0x0000000080000000, 0x0000000100000000)
  region size 1024K, 1 young (1024K), 1 survivors (1024K)
 Metaspace       used 33168K, committed 33536K, reserved 1081344K
  class space    used 4571K, committed 4736K, reserved 1048576K
}
Event: 26.310 GC heap before
{Heap before GC invocations=14 (full 0):
 garbage-first heap   total 86016K, used 63138K [0x0000000080000000, 0x0000000100000000)
  region size 1024K, 16 young (16384K), 1 survivors (1024K)
 Metaspace       used 35731K, committed 36096K, reserved 1081344K
  class space    used 4947K, committed 5120K, reserved 1048576K
}
Event: 26.320 GC heap after
{Heap after GC invocations=15 (full 0):
 garbage-first heap   total 86016K, used 49483K [0x0000000080000000, 0x0000000100000000)
  region size 1024K, 2 young (2048K), 2 survivors (2048K)
 Metaspace       used 35731K, committed 36096K, reserved 1081344K
  class space    used 4947K, committed 5120K, reserved 1048576K
}

Dll operation events (2 events):
Event: 0.054 Loaded shared library C:\Program Files\Android\Android Studio\jbr\bin\java.dll
Event: 2.000 Loaded shared library C:\Program Files\Android\Android Studio\jbr\bin\verify.dll

Deoptimization events (20 events):
Event: 23.568 Thread 0x0000027b6944ada0 Uncommon trap: trap_request=0xffffff45 fr.pc=0x0000027b58448a18 relative=0x00000000000007f8
Event: 23.568 Thread 0x0000027b6944ada0 Uncommon trap: reason=unstable_if action=reinterpret pc=0x0000027b58448a18 method=java.io.BufferedInputStream.read([BII)I @ 31 c2
Event: 23.568 Thread 0x0000027b6944ada0 DEOPT PACKING pc=0x0000027b58448a18 sp=0x000000e4c7ef8590
Event: 23.568 Thread 0x0000027b6944ada0 DEOPT UNPACKING pc=0x0000027b57da69a3 sp=0x000000e4c7ef8568 mode 2
Event: 26.449 Thread 0x0000027b6944ada0 Uncommon trap: trap_request=0xffffff45 fr.pc=0x0000027b5845f7d8 relative=0x0000000000005998
Event: 26.449 Thread 0x0000027b6944ada0 Uncommon trap: reason=unstable_if action=reinterpret pc=0x0000027b5845f7d8 method=java.lang.ClassLoader.getClassLoadingLock(Ljava/lang/String;)Ljava/lang/Object; @ 6 c2
Event: 26.449 Thread 0x0000027b6944ada0 DEOPT PACKING pc=0x0000027b5845f7d8 sp=0x000000e4c7ef7e60
Event: 26.449 Thread 0x0000027b6944ada0 DEOPT UNPACKING pc=0x0000027b57da69a3 sp=0x000000e4c7ef7e70 mode 2
Event: 26.453 Thread 0x0000027b6944ada0 Uncommon trap: trap_request=0xffffff45 fr.pc=0x0000027b583df380 relative=0x00000000000000e0
Event: 26.453 Thread 0x0000027b6944ada0 Uncommon trap: reason=unstable_if action=reinterpret pc=0x0000027b583df380 method=java.lang.ClassLoader.getClassLoadingLock(Ljava/lang/String;)Ljava/lang/Object; @ 6 c2
Event: 26.453 Thread 0x0000027b6944ada0 DEOPT PACKING pc=0x0000027b583df380 sp=0x000000e4c7ef8110
Event: 26.453 Thread 0x0000027b6944ada0 DEOPT UNPACKING pc=0x0000027b57da69a3 sp=0x000000e4c7ef80b0 mode 2
Event: 26.453 Thread 0x0000027b6944ada0 Uncommon trap: trap_request=0xffffff45 fr.pc=0x0000027b58440028 relative=0x00000000000006e8
Event: 26.453 Thread 0x0000027b6944ada0 Uncommon trap: reason=unstable_if action=reinterpret pc=0x0000027b58440028 method=java.lang.Class.getPackageName()Ljava/lang/String; @ 55 c2
Event: 26.453 Thread 0x0000027b6944ada0 DEOPT PACKING pc=0x0000027b58440028 sp=0x000000e4c7ef9610
Event: 26.453 Thread 0x0000027b6944ada0 DEOPT UNPACKING pc=0x0000027b57da69a3 sp=0x000000e4c7ef95d0 mode 2
Event: 26.836 Thread 0x0000027b6944ada0 Uncommon trap: trap_request=0xffffff45 fr.pc=0x0000027b584a5584 relative=0x00000000000005a4
Event: 26.836 Thread 0x0000027b6944ada0 Uncommon trap: reason=unstable_if action=reinterpret pc=0x0000027b584a5584 method=jdk.internal.org.objectweb.asm.MethodWriter.visitVarInsn(II)V @ 108 c2
Event: 26.836 Thread 0x0000027b6944ada0 DEOPT PACKING pc=0x0000027b584a5584 sp=0x000000e4c7ef0270
Event: 26.836 Thread 0x0000027b6944ada0 DEOPT UNPACKING pc=0x0000027b57da69a3 sp=0x000000e4c7ef0238 mode 2

Classes unloaded (0 events):
No events

Classes redefined (0 events):
No events

Internal exceptions (20 events):
Event: 20.859 Thread 0x0000027b6944ada0 Exception <a 'java/lang/NoSuchMethodError'{0x000000008511f440}: static Lorg/gradle/tooling/internal/consumer/versioning/VersionDetails$R48VersionDetails;.<clinit>()V> (0x000000008511f440) 
thrown [s\src\hotspot\share\prims\jni.cpp, line 1108]
Event: 20.860 Thread 0x0000027b6944ada0 Exception <a 'java/lang/NoSuchMethodError'{0x0000000085120640}: static Lorg/gradle/tooling/internal/consumer/versioning/VersionDetails$R51VersionDetails;.<clinit>()V> (0x0000000085120640) 
thrown [s\src\hotspot\share\prims\jni.cpp, line 1108]
Event: 21.031 Thread 0x0000027b6944ada0 Exception <a 'java/lang/NoSuchMethodError'{0x0000000085009b18}: 'java.lang.Object java.lang.invoke.DirectMethodHandle$Holder.newInvokeSpecial(java.lang.Object, java.lang.Object, int)'> (0x0000000085009b18) 
thrown [s\src\hotspot\share\interpreter\linkResolver.cpp, line 771]
Event: 22.699 Thread 0x0000027b6944ada0 Exception <a 'java/lang/NoSuchMethodError'{0x000000008522f958}: 'java.lang.Object java.lang.invoke.DirectMethodHandle$Holder.invokeSpecialIFC(java.lang.Object, java.lang.Object, java.lang.Object, java.lang.Object)'> (0x000000008522f958) 
thrown [s\src\hotspot\share\interpreter\linkResolver.cpp, line 771]
Event: 23.132 Thread 0x0000027b6944ada0 Implicit null exception at 0x0000027b5833ea93 to 0x0000027b5833eecc
Event: 23.428 Thread 0x0000027b6944ada0 Exception <a 'java/lang/NoSuchMethodError'{0x00000000843a0330}: 'java.lang.Object java.lang.invoke.DirectMethodHandle$Holder.invokeSpecial(java.lang.Object, java.lang.Object, java.lang.Object, java.lang.Object, java.lang.Object, java.lang.Object, java.lang.Object, java.lang.Object, java.lang.Object, java.lang.Object, java.lang.Object, java.lang.Object, java.lang.Object)'> (0x00000000843a0330) 
thrown [s\src\hotspot\share\interpreter\linkResolver.cpp, line 771]
Event: 23.429 Thread 0x0000027b6944ada0 Exception <a 'java/lang/NoSuchMethodError'{0x00000000843b1958}: 'java.lang.Object java.lang.invoke.DirectMethodHandle$Holder.newInvokeSpecial(java.lang.Object, java.lang.Object, java.lang.Object, java.lang.Object, java.lang.Object, java.lang.Object, java.lang.Object, java.lang.Object, java.lang.Object, java.lang.Object, java.lang.Object)'> (0x00000000843b1958) 
thrown [s\src\hotspot\share\interpreter\linkResolver.cpp, line 771]
Event: 23.430 Thread 0x0000027b6944ada0 Exception <a 'java/lang/NoSuchMethodError'{0x00000000843b69f0}: 'java.lang.Object java.lang.invoke.Invokers$Holder.linkToTargetMethod(java.lang.Object, java.lang.Object, java.lang.Object, java.lang.Object, java.lang.Object, java.lang.Object, java.lang.Object, java.lang.Object, java.lang.Object, java.lang.Object, java.lang.Object)'> (0x00000000843b69f0) 
thrown [s\src\hotspot\share\interpreter\linkResolver.cpp, line 771]
Event: 23.441 Thread 0x0000027b6944ada0 Exception <a 'java/lang/NoSuchMethodError'{0x00000000842017c0}: 'java.lang.Object java.lang.invoke.DirectMethodHandle$Holder.invokeSpecial(java.lang.Object, java.lang.Object, java.lang.Object, java.lang.Object, java.lang.Object, java.lang.Object, java.lang.Object, java.lang.Object, java.lang.Object, java.lang.Object, java.lang.Object, java.lang.Object, java.lang.Object, java.lang.Object)'> (0x00000000842017c0) 
thrown [s\src\hotspot\share\interpreter\linkResolver.cpp, line 771]
Event: 23.442 Thread 0x0000027b6944ada0 Exception <a 'java/lang/NoSuchMethodError'{0x0000000084213de8}: 'java.lang.Object java.lang.invoke.DirectMethodHandle$Holder.newInvokeSpecial(java.lang.Object, java.lang.Object, java.lang.Object, java.lang.Object, java.lang.Object, java.lang.Object, java.lang.Object, java.lang.Object, java.lang.Object, java.lang.Object, java.lang.Object, java.lang.Object)'> (0x0000000084213de8) 
thrown [s\src\hotspot\share\interpreter\linkResolver.cpp, line 771]
Event: 23.442 Thread 0x0000027b6944ada0 Exception <a 'java/lang/NoSuchMethodError'{0x0000000084219780}: 'java.lang.Object java.lang.invoke.Invokers$Holder.linkToTargetMethod(java.lang.Object, java.lang.Object, java.lang.Object, java.lang.Object, java.lang.Object, java.lang.Object, java.lang.Object, java.lang.Object, java.lang.Object, java.lang.Object, java.lang.Object, java.lang.Object)'> (0x0000000084219780) 
thrown [s\src\hotspot\share\interpreter\linkResolver.cpp, line 771]
Event: 23.473 Thread 0x0000027b6944ada0 Exception <a 'java/lang/NoSuchMethodError'{0x00000000842c7ea8}: 'java.lang.Object java.lang.invoke.DirectMethodHandle$Holder.invokeStaticInit(java.lang.Object, java.lang.Object, java.lang.Object, java.lang.Object)'> (0x00000000842c7ea8) 
thrown [s\src\hotspot\share\interpreter\linkResolver.cpp, line 771]
Event: 24.136 Thread 0x0000027b6944ada0 Exception <a 'java/lang/NoSuchMethodError'{0x0000000084f5c1c0}: 'java.lang.Object java.lang.invoke.DirectMethodHandle$Holder.newInvokeSpecial(java.lang.Object, java.lang.Object, java.lang.Object, java.lang.Object, java.lang.Object, java.lang.Object, java.lang.Object, java.lang.Object)'> (0x0000000084f5c1c0) 
thrown [s\src\hotspot\share\interpreter\linkResolver.cpp, line 771]
Event: 24.136 Thread 0x0000027b6944ada0 Exception <a 'java/lang/NoSuchMethodError'{0x0000000084f61fa0}: 'java.lang.Object java.lang.invoke.Invokers$Holder.linkToTargetMethod(java.lang.Object, java.lang.Object, java.lang.Object, java.lang.Object, java.lang.Object, java.lang.Object, java.lang.Object, java.lang.Object)'> (0x0000000084f61fa0) 
thrown [s\src\hotspot\share\interpreter\linkResolver.cpp, line 771]
Event: 24.148 Thread 0x0000027b6944ada0 Exception <a 'java/lang/IncompatibleClassChangeError'{0x0000000084fc5010}: Found class java.lang.Object, but interface was expected> (0x0000000084fc5010) 
thrown [s\src\hotspot\share\interpreter\linkResolver.cpp, line 838]
Event: 26.546 Thread 0x0000027b6944ada0 Exception <a 'java/lang/NoSuchMethodError'{0x0000000085552be0}: 'java.lang.Object java.lang.invoke.DirectMethodHandle$Holder.invokeSpecial(java.lang.Object, java.lang.Object, java.lang.Object, int, java.lang.Object, java.lang.Object)'> (0x0000000085552be0) 
thrown [s\src\hotspot\share\interpreter\linkResolver.cpp, line 771]
Event: 26.836 Thread 0x0000027b6944ada0 Implicit null exception at 0x0000027b584a509a to 0x0000027b584a5578
Event: 26.984 Thread 0x0000027b6944ada0 Exception <a 'java/lang/NoSuchMethodError'{0x00000000851a2828}: 'void java.lang.invoke.DirectMethodHandle$Holder.invokeStaticInit(java.lang.Object, java.lang.Object, java.lang.Object)'> (0x00000000851a2828) 
thrown [s\src\hotspot\share\interpreter\linkResolver.cpp, line 771]
Event: 26.986 Thread 0x0000027b6944ada0 Exception <a 'java/lang/NoSuchMethodError'{0x00000000851a9f70}: 'void java.lang.invoke.DirectMethodHandle$Holder.invokeStaticInit(java.lang.Object, java.lang.Object, java.lang.Object, java.lang.Object)'> (0x00000000851a9f70) 
thrown [s\src\hotspot\share\interpreter\linkResolver.cpp, line 771]
Event: 26.993 Thread 0x0000027b6944ada0 Exception <a 'java/lang/NoSuchMethodError'{0x00000000851cc3a0}: 'void java.lang.invoke.DirectMethodHandle$Holder.invokeStaticInit(java.lang.Object, java.lang.Object, java.lang.Object, java.lang.Object, java.lang.Object)'> (0x00000000851cc3a0) 
thrown [s\src\hotspot\share\interpreter\linkResolver.cpp, line 771]

VM Operations (20 events):
Event: 22.237 Executing VM operation: G1CollectForAllocation
Event: 22.244 Executing VM operation: G1CollectForAllocation done
Event: 23.158 Executing VM operation: HandshakeAllThreads
Event: 23.159 Executing VM operation: HandshakeAllThreads done
Event: 23.616 Executing VM operation: G1CollectForAllocation
Event: 23.619 Executing VM operation: G1CollectForAllocation done
Event: 23.653 Executing VM operation: G1Concurrent
Event: 23.656 Executing VM operation: G1Concurrent done
Event: 23.670 Executing VM operation: G1Concurrent
Event: 23.671 Executing VM operation: G1Concurrent done
Event: 24.079 Executing VM operation: HandshakeAllThreads
Event: 24.079 Executing VM operation: HandshakeAllThreads done
Event: 25.079 Executing VM operation: Cleanup
Event: 25.079 Executing VM operation: Cleanup done
Event: 26.080 Executing VM operation: Cleanup
Event: 26.080 Executing VM operation: Cleanup done
Event: 26.310 Executing VM operation: G1CollectForAllocation
Event: 26.320 Executing VM operation: G1CollectForAllocation done
Event: 26.757 Executing VM operation: HandshakeAllThreads
Event: 26.757 Executing VM operation: HandshakeAllThreads done

Events (20 events):
Event: 26.650 loading class java/util/TimerTask done
Event: 26.650 loading class java/util/Timer
Event: 26.651 loading class java/util/Timer done
Event: 26.756 loading class java/security/AccessControlException
Event: 26.756 loading class java/security/AccessControlException done
Event: 26.835 loading class java/lang/invoke/MethodHandleImpl$BindCaller
Event: 26.835 loading class java/lang/invoke/MethodHandleImpl$BindCaller done
Event: 26.835 loading class java/lang/invoke/MethodHandleImpl$BindCaller$1
Event: 26.836 loading class java/lang/invoke/MethodHandleImpl$BindCaller$1 done
Event: 26.842 loading class java/util/Collections$CopiesList
Event: 26.843 loading class java/util/Collections$CopiesList done
Event: 26.907 loading class java/lang/reflect/MalformedParameterizedTypeException
Event: 26.907 loading class java/lang/reflect/MalformedParameterizedTypeException done
Event: 26.938 loading class java/lang/IllegalCallerException
Event: 26.938 loading class java/lang/IllegalCallerException done
Event: 26.939 loading class jdk/internal/module/SystemModules$all
Event: 26.943 loading class jdk/internal/module/SystemModules$all done
Event: 26.955 loading class java/util/Spliterators$IteratorSpliterator
Event: 26.956 loading class java/util/Spliterators$IteratorSpliterator done
Event: 27.013 Thread 0x0000027b696dc330 Thread added: 0x0000027b696dc330


Dynamic libraries:
0x00007ff626670000 - 0x00007ff62667a000 	C:\Program Files\Android\Android Studio\jbr\bin\java.exe
0x00007ffe94e70000 - 0x00007ffe95067000 	C:\WINDOWS\SYSTEM32\ntdll.dll
0x00007ffe93340000 - 0x00007ffe933fd000 	C:\WINDOWS\System32\KERNEL32.DLL
0x00007ffe92770000 - 0x00007ffe92a66000 	C:\WINDOWS\System32\KERNELBASE.dll
0x00007ffe92670000 - 0x00007ffe92770000 	C:\WINDOWS\System32\ucrtbase.dll
0x00007ffe8a340000 - 0x00007ffe8a35b000 	C:\Program Files\Android\Android Studio\jbr\bin\VCRUNTIME140.dll
0x00007ffe75dd0000 - 0x00007ffe75de7000 	C:\Program Files\Android\Android Studio\jbr\bin\jli.dll
0x00007ffe93e50000 - 0x00007ffe93fee000 	C:\WINDOWS\System32\USER32.dll
0x00007ffe92c20000 - 0x00007ffe92c42000 	C:\WINDOWS\System32\win32u.dll
0x00007ffe94d50000 - 0x00007ffe94d7c000 	C:\WINDOWS\System32\GDI32.dll
0x00007ffe92550000 - 0x00007ffe9266a000 	C:\WINDOWS\System32\gdi32full.dll
0x00007ffe92d70000 - 0x00007ffe92e0d000 	C:\WINDOWS\System32\msvcp_win.dll
0x00007ffe8a8b0000 - 0x00007ffe8ab4a000 	C:\WINDOWS\WinSxS\amd64_microsoft.windows.common-controls_6595b64144ccf1df_6.0.19041.3570_none_60bb2a3971f3e41a\COMCTL32.dll
0x00007ffe949e0000 - 0x00007ffe94a7e000 	C:\WINDOWS\System32\msvcrt.dll
0x00007ffe94950000 - 0x00007ffe94980000 	C:\WINDOWS\System32\IMM32.DLL
0x00007ffe8cc50000 - 0x00007ffe8cc5c000 	C:\Program Files\Android\Android Studio\jbr\bin\vcruntime140_1.dll
0x00007ffe760a0000 - 0x00007ffe7612d000 	C:\Program Files\Android\Android Studio\jbr\bin\msvcp140.dll
0x00007ffe3c680000 - 0x00007ffe3d2ee000 	C:\Program Files\Android\Android Studio\jbr\bin\server\jvm.dll
0x00007ffe94d80000 - 0x00007ffe94e2e000 	C:\WINDOWS\System32\ADVAPI32.dll
0x00007ffe93630000 - 0x00007ffe936cc000 	C:\WINDOWS\System32\sechost.dll
0x00007ffe938c0000 - 0x00007ffe939e6000 	C:\WINDOWS\System32\RPCRT4.dll
0x00007ffe8ca10000 - 0x00007ffe8ca19000 	C:\WINDOWS\SYSTEM32\WSOCK32.dll
0x00007ffe93410000 - 0x00007ffe9347b000 	C:\WINDOWS\System32\WS2_32.dll
0x00007ffe8d6d0000 - 0x00007ffe8d6da000 	C:\WINDOWS\SYSTEM32\VERSION.dll
0x00007ffe8ac20000 - 0x00007ffe8ac47000 	C:\WINDOWS\SYSTEM32\WINMM.dll
0x00007ffe90310000 - 0x00007ffe90322000 	C:\WINDOWS\SYSTEM32\kernel.appcore.dll
0x00007ffe8a480000 - 0x00007ffe8a48a000 	C:\Program Files\Android\Android Studio\jbr\bin\jimage.dll
0x00007ffe8c0d0000 - 0x00007ffe8c2b4000 	C:\WINDOWS\SYSTEM32\DBGHELP.DLL
0x00007ffe8bbd0000 - 0x00007ffe8bc04000 	C:\WINDOWS\SYSTEM32\dbgcore.DLL
0x00007ffe92e10000 - 0x00007ffe92e92000 	C:\WINDOWS\System32\bcryptPrimitives.dll
0x00007ffe7aa60000 - 0x00007ffe7aa85000 	C:\Program Files\Android\Android Studio\jbr\bin\java.dll
0x00007ffe84750000 - 0x00007ffe84768000 	C:\Program Files\Android\Android Studio\jbr\bin\zip.dll
0x00007ffe94140000 - 0x00007ffe94884000 	C:\WINDOWS\System32\SHELL32.dll
0x00007ffe905f0000 - 0x00007ffe90d8b000 	C:\WINDOWS\SYSTEM32\windows.storage.dll
0x00007ffe939f0000 - 0x00007ffe93d44000 	C:\WINDOWS\System32\combase.dll
0x00007ffe91ec0000 - 0x00007ffe91eed000 	C:\WINDOWS\SYSTEM32\Wldp.dll
0x00007ffe93810000 - 0x00007ffe938bd000 	C:\WINDOWS\System32\SHCORE.dll
0x00007ffe94890000 - 0x00007ffe948e5000 	C:\WINDOWS\System32\shlwapi.dll
0x00007ffe92480000 - 0x00007ffe924a5000 	C:\WINDOWS\SYSTEM32\profapi.dll
0x00007ffe80880000 - 0x00007ffe80899000 	C:\Program Files\Android\Android Studio\jbr\bin\net.dll
0x00007ffe8d6e0000 - 0x00007ffe8d7ea000 	C:\WINDOWS\SYSTEM32\WINHTTP.dll
0x00007ffe91c20000 - 0x00007ffe91c8a000 	C:\WINDOWS\system32\mswsock.dll
0x00007ffe75fc0000 - 0x00007ffe75fd6000 	C:\Program Files\Android\Android Studio\jbr\bin\nio.dll
0x00007ffe892b0000 - 0x00007ffe892c0000 	C:\Program Files\Android\Android Studio\jbr\bin\verify.dll
0x00007ffe82280000 - 0x00007ffe822a7000 	C:\Users\Flavio\.gradle\native\68d5fa5c4cc2d200863cafc0d521ce42e7d3e7ee720ec0a83991735586a16f82\windows-amd64\native-platform.dll
0x00007ffe3eaa0000 - 0x00007ffe3ebe4000 	C:\Users\Flavio\.gradle\native\e376f236ea51e6404a007f0833ffe2c6e607c4080706a723a18a27aeea778392\windows-amd64\native-platform-file-events.dll
0x00007ffe8a400000 - 0x00007ffe8a409000 	C:\Program Files\Android\Android Studio\jbr\bin\management.dll
0x00007ffe89700000 - 0x00007ffe8970b000 	C:\Program Files\Android\Android Studio\jbr\bin\management_ext.dll
0x00007ffe93400000 - 0x00007ffe93408000 	C:\WINDOWS\System32\PSAPI.DLL
0x00007ffe91e20000 - 0x00007ffe91e38000 	C:\WINDOWS\SYSTEM32\CRYPTSP.dll
0x00007ffe91530000 - 0x00007ffe91564000 	C:\WINDOWS\system32\rsaenh.dll
0x00007ffe92ea0000 - 0x00007ffe92ec7000 	C:\WINDOWS\System32\bcrypt.dll
0x00007ffe92440000 - 0x00007ffe9246e000 	C:\WINDOWS\SYSTEM32\USERENV.dll
0x00007ffe91e10000 - 0x00007ffe91e1c000 	C:\WINDOWS\SYSTEM32\CRYPTBASE.dll
0x00007ffe91910000 - 0x00007ffe9194b000 	C:\WINDOWS\SYSTEM32\IPHLPAPI.DLL
0x00007ffe94d40000 - 0x00007ffe94d48000 	C:\WINDOWS\System32\NSI.dll
0x00007ffe8bc10000 - 0x00007ffe8bc27000 	C:\WINDOWS\SYSTEM32\dhcpcsvc6.DLL
0x00007ffe8afb0000 - 0x00007ffe8afcd000 	C:\WINDOWS\SYSTEM32\dhcpcsvc.DLL
0x00007ffe91950000 - 0x00007ffe91a1a000 	C:\WINDOWS\SYSTEM32\DNSAPI.dll
0x00007ffe88ee0000 - 0x00007ffe88ee7000 	C:\WINDOWS\system32\wshunix.dll

dbghelp: loaded successfully - version: 4.0.5 - missing functions: none
symbol engine: initialized successfully - sym options: 0x614 - pdb path: .;C:\Program Files\Android\Android Studio\jbr\bin;C:\WINDOWS\SYSTEM32;C:\WINDOWS\WinSxS\amd64_microsoft.windows.common-controls_6595b64144ccf1df_6.0.19041.3570_none_60bb2a3971f3e41a;C:\Program Files\Android\Android Studio\jbr\bin\server;C:\Users\Flavio\.gradle\native\68d5fa5c4cc2d200863cafc0d521ce42e7d3e7ee720ec0a83991735586a16f82\windows-amd64;C:\Users\Flavio\.gradle\native\e376f236ea51e6404a007f0833ffe2c6e607c4080706a723a18a27aeea778392\windows-amd64

VM Arguments:
jvm_args: --add-opens=java.base/java.util=ALL-UNNAMED --add-opens=java.base/java.lang=ALL-UNNAMED --add-opens=java.base/java.lang.invoke=ALL-UNNAMED --add-opens=java.prefs/java.util.prefs=ALL-UNNAMED --add-opens=java.base/java.nio.charset=ALL-UNNAMED --add-opens=java.base/java.net=ALL-UNNAMED --add-opens=java.base/java.util.concurrent.atomic=ALL-UNNAMED -Xmx2048m -Dfile.encoding=UTF-8 -Duser.country=BR -Duser.language=pt -Duser.variant 
java_command: org.gradle.launcher.daemon.bootstrap.GradleDaemon 8.0
java_class_path (initial): C:\Users\Flavio\.gradle\wrapper\dists\gradle-8.0-bin\ca5e32bp14vu59qr306oxotwh\gradle-8.0\lib\gradle-launcher-8.0.jar
Launcher Type: SUN_STANDARD

[Global flags]
     intx CICompilerCount                          = 3                                         {product} {ergonomic}
     uint ConcGCThreads                            = 1                                         {product} {ergonomic}
     uint G1ConcRefinementThreads                  = 4                                         {product} {ergonomic}
   size_t G1HeapRegionSize                         = 1048576                                   {product} {ergonomic}
    uintx GCDrainStackTargetSize                   = 64                                        {product} {ergonomic}
   size_t InitialHeapSize                          = 134217728                                 {product} {ergonomic}
   size_t MarkStackSize                            = 4194304                                   {product} {ergonomic}
   size_t MaxHeapSize                              = 2147483648                                {product} {command line}
   size_t MaxNewSize                               = 1287651328                                {product} {ergonomic}
   size_t MinHeapDeltaBytes                        = 1048576                                   {product} {ergonomic}
   size_t MinHeapSize                              = 8388608                                   {product} {ergonomic}
    uintx NonNMethodCodeHeapSize                   = 5832780                                {pd product} {ergonomic}
    uintx NonProfiledCodeHeapSize                  = 122912730                              {pd product} {ergonomic}
    uintx ProfiledCodeHeapSize                     = 122912730                              {pd product} {ergonomic}
    uintx ReservedCodeCacheSize                    = 251658240                              {pd product} {ergonomic}
     bool SegmentedCodeCache                       = true                                      {product} {ergonomic}
   size_t SoftMaxHeapSize                          = 2147483648                             {manageable} {ergonomic}
     bool UseCompressedClassPointers               = true                           {product lp64_product} {ergonomic}
     bool UseCompressedOops                        = true                           {product lp64_product} {ergonomic}
     bool UseG1GC                                  = true                                      {product} {ergonomic}
     bool UseLargePagesIndividualAllocation        = false                                  {pd product} {ergonomic}

Logging:
Log output configuration:
 #0: stdout all=warning uptime,level,tags
 #1: stderr all=off uptime,level,tags

Environment Variables:
PATH=C:\Program Files\Common Files\Oracle\Java\javapath;C:\Program Files (x86)\Intel\iCLS Client\;C:\Program Files\Intel\iCLS Client\;C:\Windows\system32;C:\Windows;C:\Windows\System32\Wbem;C:\Windows\System32\WindowsPowerShell\v1.0\;C:\Program Files (x86)\Intel\Intel(R) Management Engine Components\DAL;C:\Program Files\Intel\Intel(R) Management Engine Components\DAL;C:\Program Files (x86)\Intel\Intel(R) Management Engine Components\IPT;C:\Program Files\Intel\Intel(R) Management Engine Components\IPT;C:\WINDOWS\system32;C:\WINDOWS;C:\WINDOWS\System32\Wbem;C:\WINDOWS\System32\WindowsPowerShell\v1.0\;C:\WINDOWS\System32\OpenSSH\;C:\Program Files\NVIDIA Corporation\NVIDIA NvDLISR;C:\Program Files (x86)\NVIDIA Corporation\PhysX\Common;C:\ProgramData\UNIVALI\Portugol Studio;C:\Program Files\dotnet\;C:\Program Files\nodejs\;C:\Program Files\Git\cmd;C:\Program Files\MySQL\MySQL Shell 8.0\bin\;C:\Users\Flavio\AppData\Local\Programs\Python\Python310\Scripts\;C:\Users\Flavio\AppData\Local\Programs\Python\Python310\;C:\Users\Flavio\AppData\Local\Microsoft\WindowsApps;C:\Users\Flavio\AppData\Local\Programs\Microsoft VS Code\bin;C:\Users\Flavio\AppData\Roaming\npm;C:\apache-maven-3.9.2\bin;C:\Users\Flavio\.dotnet\tools
USERNAME=Flavio
OS=Windows_NT
PROCESSOR_IDENTIFIER=Intel64 Family 6 Model 61 Stepping 4, GenuineIntel
TMP=C:\Users\Flavio\AppData\Local\Temp
TEMP=C:\Users\Flavio\AppData\Local\Temp


JNI global refs:
JNI global refs: 23, weak refs: 2

JNI global refs memory usage: 843, weak refs: 841


---------------  S Y S T E M  ---------------

OS:
 Windows 10 , 64 bit Build 19041 (10.0.19041.3570)
OS uptime: 9 days 18:32 hours

CPU: total 4 (initial active 4) (2 cores per cpu, 2 threads per core) family 6 model 61 stepping 4 microcode 0x2d, cx8, cmov, fxsr, ht, mmx, 3dnowpref, sse, sse2, sse3, ssse3, sse4.1, sse4.2, popcnt, lzcnt, tsc, tscinvbit, avx, avx2, aes, erms, clmul, bmi1, bmi2, adx, fma, vzeroupper, clflush

Memory: 4k page, system-wide physical 8102M (747M free)
TotalPageFile size 11852M (AvailPageFile size 8M)
current process WorkingSet (physical memory assigned to process): 211M, peak: 211M
current process commit charge ("private bytes"): 246M, peak: 255M

vm_info: OpenJDK 64-Bit Server VM (17.0.6+0-b2043.56-10027231) for windows-amd64 JRE (17.0.6+0-b2043.56-10027231), built on Apr 28 2023 00:43:19 by "androidbuild" with MS VC++ 16.10 / 16.11 (VS2019)

END.
